<?xml version="1.0" encoding="UTF-8"?>
<!-- Generated by org.testng.reporters.JUnitReportReporter -->
<testsuite skipped="0" hostname="WSM8-0091" name="com.sz.FindOnYaRu" tests="1" failures="0" timestamp="14 ноя 2017 12:28:36 GMT" time="6.067" errors="0">
  <testcase name="testFindOnYaRu" time="6.067" classname="com.sz.FindOnYaRu"/>
</testsuite> <!-- com.sz.FindOnYaRu -->
